#  1 resID
#  2 SASA(PDB larger)
#  3 SASA(PDB C4)
#  4 SASA(PDB C5)
#  5 SASA(Mg=0.0000)
#  6 SASA(Mg=0.0001)
#  7 SASA(Mg=0.0002)
#  8 SASA(Mg=0.0004)
#  9 SASA(Mg=0.0006)
# 10 SASA(Mg=0.0008)
# 11 SASA(Mg=0.0010)
# 12 SASA(Mg=0.0012)
# 13 SASA(Mg=0.0015)
# 14 SASA(Mg=0.0020)
# 15 SASA(Mg=0.0025)
# 16 SASA(Mg=0.0030)
# 17 SASA(Mg=0.0040)
# 18 SASA(Mg=0.0050)
# 19 SASA(Mg=0.0100)
# 20 SASA(Mg=0.0200)
# 21 SASA(Mg=0.0300)
  1 9.850000 0.590000 9.850000 36.980026 37.579922 38.624191 39.071210 37.622385 37.847842 38.509600 36.772383 37.488789 37.921691 36.789733 34.704462 34.076080 34.794247 31.613683 31.967449 33.390382
  2 0.000000 0.000000 0.000000 18.113439 17.395703 17.592367 18.121375 18.439946 17.784403 18.395523 18.278504 18.451778 18.315468 17.281147 18.312698 17.311965 16.294367 15.579263 14.550271 14.649860
  3 30.470000 15.410000 30.470000 16.739787 16.675610 16.296711 15.679459 16.636158 16.487211 17.001230 17.506895 16.476408 16.635539 15.470909 15.526263 15.676343 15.258450 14.644790 15.303652 15.719827
  4 18.930000 13.020000 18.930000 16.653263 17.352868 16.592732 17.012345 17.180515 17.127487 16.658453 16.587572 17.234845 16.748431 17.727219 17.754543 17.218632 16.651627 16.780224 16.308741 16.440383
  5 29.640000 5.180000 29.640000 16.734074 16.615455 17.058670 17.112911 16.499647 17.355684 16.296417 16.775491 16.976495 17.148990 17.101440 16.372876 15.906506 15.061958 14.195892 14.799388 14.527647
  6 14.370000 13.030000 14.370000 16.674274 17.095337 16.999204 16.939812 17.106440 16.614644 16.918640 16.698917 17.319742 16.184275 16.019813 15.618625 14.873789 14.282417 13.603333 13.920203 13.379379
  7 17.980000 7.490000 17.980000 16.855199 16.926021 17.341227 17.363989 17.426576 17.413889 17.646497 17.380361 17.453041 16.689093 16.264400 15.250458 14.344858 14.342801 14.411206 14.557356 14.216897
  8 7.380000 1.340000 7.380000 17.023588 17.347824 17.171809 17.460376 17.154932 17.382105 17.480963 17.445145 16.892927 16.294644 12.063324 10.342618 6.651104 7.137547 5.969966 6.591986 6.493507
  9 2.620000 0.000000 2.620000 17.046243 17.032222 16.667321 17.144313 16.834810 17.350818 17.497394 16.271091 16.508212 15.934455 12.963504 9.996657 6.035120 4.797855 4.589357 4.627380 4.047068
 10 3.080000 3.080000 0.000000 17.038338 17.567881 17.385426 16.983693 17.272005 17.622612 17.445387 16.451949 16.519948 16.720988 14.028633 12.974731 10.937623 9.949177 9.079575 10.113379 10.662737
 11 11.850000 11.850000 10.140000 17.405409 16.537597 16.284385 17.250054 17.066369 16.917513 16.744037 17.154710 16.793505 17.057340 14.441671 12.861821 10.774265 11.627868 10.612866 11.011951 11.008986
 12 23.020000 7.450000 23.020000 17.196095 16.782920 17.158196 17.030645 17.053550 16.761842 16.401862 17.200217 16.579149 17.449216 18.025481 18.359003 19.654006 18.815347 18.548413 18.717085 18.251626
 13 15.470000 0.680000 15.470000 16.957460 16.249173 17.012101 16.765930 16.997209 16.758417 17.324933 16.822310 16.594820 16.402685 15.160160 14.009247 12.189602 12.999096 12.676933 12.145458 12.662422
 14 0.990000 0.280000 0.990000 16.996280 17.454212 17.018408 17.123172 17.205881 16.806184 17.123271 16.900830 16.705954 16.045718 10.494022 8.332534 4.242205 4.281285 4.795980 4.867774 4.389414
 15 11.030000 11.030000 6.110000 17.216570 17.601008 16.794244 16.665995 16.978347 17.280447 17.042606 17.089601 16.678196 16.512108 12.708640 11.455919 8.550513 8.572909 8.611019 8.060850 8.697924
 16 1.800000 0.000000 1.800000 16.560897 16.205596 16.443989 16.289812 16.505962 16.665763 16.289947 16.259458 16.426907 16.112206 12.657995 10.515247 6.737118 7.184013 6.261933 6.848182 6.357849
 17 11.360000 0.000000 11.360000 16.806280 16.890594 17.337692 17.330699 17.238103 17.058684 17.422048 16.919711 17.522274 17.593243 15.409011 13.911452 12.268429 11.715518 11.767891 11.733767 11.494316
 18 7.500000 0.000000 7.500000 17.618254 17.838811 17.818462 17.728091 17.430623 18.002711 17.715053 17.821877 17.663814 17.754240 18.734613 18.670188 15.889202 7.238761 7.386540 7.252279 7.228483
 19 20.180000 13.670000 20.180000 16.803905 17.020258 17.015889 16.559892 16.814173 16.962316 17.000798 16.895921 16.726057 17.191642 17.895787 18.357392 19.522614 21.266205 21.421651 21.281593 20.909069
 20 26.080000 12.000000 26.080000 15.588386 15.963204 15.174574 15.579274 16.033713 15.870737 15.885160 15.452455 15.439562 16.108456 16.457973 16.773871 16.526733 17.221807 17.371206 17.342983 17.274931
 21 20.900000 13.540000 20.900000 21.844538 21.437752 21.193740 21.540618 22.372141 21.892079 22.247580 22.426065 22.802062 22.427304 22.062320 22.190941 22.579517 22.881175 22.929810 23.454983 22.032138
 22 18.140000 13.950000 18.140000 17.528575 17.546047 17.372467 17.962124 17.601355 17.693053 17.652660 17.673971 17.440309 17.233505 16.763040 16.669409 15.911534 15.638795 15.536508 15.428203 15.342759
 23 18.930000 12.700000 18.930000 15.140053 15.400233 15.427958 15.050565 15.116992 15.104868 15.224761 15.002563 14.986057 15.279069 14.842053 14.706667 14.776477 14.746747 14.779841 14.785424 14.621586
 24 19.360000 13.820000 19.360000 16.136675 16.133695 16.027347 15.893978 16.197805 16.058658 16.026569 16.220469 15.746881 15.919730 16.166907 15.831935 15.633551 15.886205 15.646000 15.850678 15.739621
 25 14.700000 0.920000 14.700000 16.704512 17.101214 17.226525 17.601290 17.151165 17.419895 17.028218 17.346570 16.969510 17.339044 15.419147 14.970296 13.838295 14.993012 14.430857 14.204881 14.471276
 26 16.130000 16.130000 14.780000 16.644617 16.502687 16.594483 16.592419 16.487886 16.406263 16.744468 16.509964 16.615026 16.642598 16.305093 15.946909 15.883693 15.601596 15.466984 15.652339 15.589793
 27 25.500000 12.100000 25.500000 10.904960 11.287054 10.936596 11.284113 11.269539 11.413245 10.831782 11.653032 11.170825 12.257230 12.919413 12.407285 14.668324 17.946435 17.770032 17.930510 17.887232
 28 21.280000 8.610000 21.280000 18.901847 18.611292 18.991489 18.995565 18.450434 18.754538 18.783271 18.658484 19.022964 18.753946 18.395787 18.539892 18.401392 16.604940 17.013238 16.696271 17.182793
 29 18.970000 13.710000 18.970000 17.923325 18.451421 18.473183 17.880753 18.058266 18.134974 18.478697 18.318628 18.292938 18.049608 17.852640 17.701371 17.358011 15.882620 16.328317 16.109492 16.096724
 30 19.370000 12.040000 19.370000 18.460158 19.019716 18.454350 18.530484 18.472249 18.486816 19.016250 18.602274 18.259562 18.510564 18.268373 18.048871 16.876818 15.994337 15.599111 15.882780 15.307828
 31 21.560000 14.300000 21.560000 18.421900 18.064186 18.218143 18.093871 18.411355 18.425868 18.475372 17.816534 17.680851 18.077059 17.465307 17.367231 16.746108 15.896265 15.541905 15.849356 15.398931
 32 19.200000 13.470000 19.200000 18.251240 18.403307 18.298594 17.898844 18.248184 18.028921 17.878271 17.493357 17.854820 17.260417 16.621387 15.857312 15.803835 15.056837 14.958349 14.790847 14.657621
 33 17.400000 12.620000 17.400000 17.157625 17.237855 17.406233 17.023666 17.123496 17.200211 16.588644 16.590036 16.429278 15.859363 15.675573 15.602312 14.923381 14.426175 14.069937 14.327153 14.456379
 34 13.610000 3.410000 13.610000 16.990686 16.908708 16.765836 16.968414 16.521467 16.769237 16.337447 16.376823 16.380853 15.909265 15.520880 15.140618 15.806222 15.755710 15.666879 15.971254 15.549793
 35 32.510000 15.000000 32.510000 17.837863 18.151292 17.951671 18.489704 18.391734 17.770947 18.631330 19.070870 19.198376 20.070833 21.211760 21.640403 21.682756 22.201536 21.877778 20.861190 21.361517
 36 17.920000 13.050000 17.920000 14.933193 15.029276 15.119284 15.077446 14.908997 14.681868 14.786277 15.070108 15.023428 14.815025 15.123760 15.356156 15.914119 15.706175 15.838571 15.803492 15.620621
 37 18.140000 12.440000 18.140000 16.317863 15.772972 15.795358 15.872177 16.748560 16.222744 16.329894 16.796318 16.751546 17.293235 18.040373 18.470511 18.439205 18.910753 18.678825 18.945442 19.146379
 38 20.800000 14.250000 20.800000 15.806201 16.260000 16.709549 16.631774 16.455556 16.474079 16.821250 17.008989 17.157268 16.999681 17.174053 17.451774 17.474517 17.239096 16.801587 17.316000 16.754655
 39 17.600000 13.190000 17.600000 17.813694 18.155685 17.625332 18.169274 17.988238 17.801211 18.032527 17.761516 17.969046 17.681127 17.672933 17.921989 17.296591 17.599970 17.024762 17.163186 17.162552
 40 17.760000 12.880000 17.760000 17.658021 17.272429 17.214138 17.544651 17.230569 17.404500 17.642261 17.484657 17.518892 17.376348 17.390880 17.252231 16.956960 16.912530 16.795270 16.386373 16.641172
 41 18.880000 12.690000 18.880000 17.195435 17.040078 17.047984 17.209140 17.155041 16.861105 16.996516 16.847653 16.780464 17.120172 16.735253 16.909919 16.446108 16.343645 16.250540 16.458576 16.099103
 42 19.800000 12.690000 19.800000 16.388575 16.597003 16.388435 16.475349 16.588374 16.591868 16.410532 16.294549 16.678067 16.158260 16.179707 15.946290 16.291903 15.874819 16.087778 16.102780 16.095828
 43 19.520000 13.220000 19.520000 18.331530 17.932610 18.323793 18.041855 18.400921 18.285447 18.341064 18.069170 18.147732 18.348480 18.106987 17.962043 17.892727 17.665994 17.732984 17.466034 17.409483
 44 18.730000 13.000000 18.730000 16.148470 16.704419 16.089204 16.046774 16.107398 16.303737 15.765426 16.412816 16.199794 16.039461 16.046587 15.989651 15.884233 16.040813 15.752698 16.277492 15.986552
 45 14.630000 11.140000 14.630000 10.877241 10.878538 10.432922 10.789650 10.363469 10.647926 10.546685 10.383164 10.215273 10.253071 10.179113 9.888970 10.145447 9.772296 9.824935 10.101621 9.816035
 46 6.290000 6.290000 5.200000 14.074483 12.978964 13.013520 13.132520 12.581870 13.051323 12.983289 13.254291 12.698342 12.942667 12.270992 12.364278 12.332816 12.513902 12.060607 12.124227 11.856760
 47 20.000000 13.760000 20.000000 16.106570 16.371865 16.979390 16.628351 16.612283 16.652105 16.415618 16.629091 17.084334 16.872015 16.226505 16.055768 16.314086 15.665392 15.649712 15.514300 15.561944
 48 17.280000 13.330000 17.280000 16.357757 16.214393 16.175293 16.589140 16.484661 15.980818 16.488773 16.079455 16.520933 16.572562 16.080613 16.720678 16.129427 15.917100 15.265032 15.893095 15.302586
 49 17.260000 13.450000 17.260000 16.894271 16.313031 16.379523 16.241478 16.627609 16.024026 16.252693 15.877906 16.435943 15.792966 15.693253 15.685741 16.131278 16.032199 16.326901 15.823051 15.482724
 50 17.460000 14.350000 17.460000 16.390159 16.091943 16.405547 16.315553 16.602452 16.448342 16.081622 15.514348 15.932274 16.478251 16.703680 16.413871 16.873011 17.492349 17.504254 16.905322 17.129310
 51 18.610000 13.140000 18.610000 15.005303 15.217674 15.332732 15.187366 15.239756 16.032763 15.109973 15.504838 15.737655 15.788775 16.020507 16.322742 16.348068 16.249849 16.203111 15.724847 16.349343
 52 20.790000 13.580000 20.790000 17.823061 17.934987 17.637613 17.901156 17.787209 17.865763 17.750851 18.056570 17.618067 17.929559 17.913573 18.104597 17.785341 17.972560 17.823238 17.421932 17.404172
 53 18.590000 13.060000 18.590000 17.428654 17.803798 17.771034 17.210349 17.770542 17.513763 17.224787 17.442924 17.473196 17.496176 17.614773 17.358817 17.182528 17.131596 16.616635 17.289119 17.592966
 54 22.920000 13.400000 22.920000 17.185224 16.650543 16.888302 17.203280 16.885447 16.754342 16.879628 16.627581 16.865052 16.959510 17.081840 16.814005 16.565795 16.593735 16.519778 16.861085 16.140448
 55 18.670000 12.510000 18.670000 17.786834 17.771499 17.968568 17.691667 17.390108 17.439711 17.430372 17.734404 17.661521 17.522941 17.239547 17.126210 17.070426 16.776205 16.724413 16.813763 16.571724
 56 18.720000 13.260000 18.720000 17.889235 18.410439 18.029814 18.251075 18.327967 18.069526 18.065346 18.289422 18.140825 18.280417 17.753067 17.783978 17.427528 17.276325 17.317429 17.062339 17.228793
 57 19.150000 10.560000 19.150000 17.793413 17.922842 17.988143 18.302124 18.096856 17.856992 18.006436 17.526895 17.769639 16.908480 16.937326 16.808763 16.245398 16.184006 16.356032 15.838746 15.651103
 58 18.130000 14.560000 18.130000 15.692987 16.316899 15.836640 14.989784 15.288556 15.812872 15.512647 15.182255 15.765622 15.059459 15.130588 14.528410 14.718439 14.945818 15.565994 14.288407 15.294843
 59 18.120000 13.700000 18.120000 18.218413 17.845535 18.362287 18.054108 17.544620 18.306474 17.753770 18.354124 18.266727 18.135259 18.309651 16.539593 17.326307 17.984743 17.458065 17.622612 17.769585
 60 18.100000 12.860000 18.100000 16.571376 16.589661 16.683680 17.359489 16.314959 16.778989 16.710376 16.347236 17.134130 17.335371 17.213875 17.245995 16.831108 18.047439 16.942939 17.330614 17.927743
 61 19.500000 12.390000 19.500000 17.625714 17.169818 16.746393 16.720541 17.373859 17.289337 17.059093 16.744255 17.466667 17.747641 17.337547 17.751348 16.942301 17.237711 17.726571 16.768980 17.309724
 62 20.000000 14.400000 20.000000 15.574987 15.556788 15.765729 15.515984 15.794336 16.139237 16.165319 16.003032 16.138866 16.094681 16.944720 16.878280 17.074501 17.250723 17.174984 17.165492 17.428241
 63 17.640000 13.730000 17.640000 17.514274 17.475788 17.680318 17.826048 17.821951 17.806684 17.863138 18.014404 17.929897 17.888162 17.799440 17.934651 17.843864 17.717892 18.138698 17.836847 18.040724
 64 18.610000 14.540000 18.610000 17.315778 17.412972 17.731883 17.700753 17.487886 17.336816 17.754335 17.495812 17.762036 17.489926 17.246160 17.287177 17.123750 17.411807 17.438032 17.342712 17.118586
 65 18.820000 14.240000 18.820000 17.478021 17.454057 17.768674 17.747043 17.573035 17.433158 17.536303 17.738339 17.460387 17.418995 17.526133 17.097849 17.090000 16.840753 16.895619 16.949559 16.599310
 66 19.860000 12.570000 19.860000 17.156807 17.513178 17.067586 17.230565 17.363848 17.306342 17.200452 17.233971 17.071933 16.918235 17.030587 16.873844 16.476705 16.417078 16.443556 16.113593 16.251103
 67 20.150000 13.110000 20.150000 16.709551 16.663488 16.779416 16.701962 17.056938 16.768237 16.303032 16.371444 16.340387 16.269730 15.972000 15.791237 15.638239 15.390723 15.269270 14.964102 15.142897
 68 18.780000 13.250000 18.780000 17.823694 18.151111 17.593316 17.758495 17.365312 17.479447 17.320904 17.778159 17.541418 17.758309 17.413893 17.253629 17.045710 16.736295 16.437524 16.165763 16.333897
 69 18.690000 12.900000 18.690000 16.781979 17.110439 16.881724 16.774946 16.402331 16.973684 17.163324 17.166462 16.674691 16.901744 17.225253 17.145403 16.805938 16.796928 16.835810 15.908441 16.361483
 70 13.060000 13.060000 12.440000 17.372831 17.803566 16.866790 17.310135 16.884309 17.091263 17.281197 17.354043 17.401528 17.144681 17.203067 17.478135 17.739345 17.486375 17.627325 17.144437 17.343438
 71 28.460000 13.910000 28.460000 21.080844 21.139044 21.371061 20.983844 21.697046 21.383605 21.726356 21.493249 21.862242 21.863431 22.060427 21.908763 21.928693 21.795452 21.667587 21.813593 21.691586
 72 17.620000 13.980000 17.620000 16.276570 16.473230 16.420080 16.818683 16.482412 16.333368 16.628989 16.696029 16.332784 16.581691 16.893387 16.992070 17.042812 17.301446 17.858286 17.583220 18.487828
 73 22.840000 13.210000 22.840000 17.249815 17.144703 17.275703 17.207608 16.966043 17.200368 17.183218 17.409819 17.092526 17.362181 17.386080 17.672285 17.988864 18.554849 18.878476 19.071017 19.226724
 74 18.420000 13.370000 18.420000 16.481636 16.677442 16.790902 16.533952 16.961409 16.741553 16.929043 16.650866 16.523015 16.538260 16.681547 16.609946 16.738040 17.536777 17.793492 17.890271 18.156621
 75 18.280000 12.930000 18.280000 16.956464 16.627390 16.734642 16.731559 16.762656 16.877842 16.798404 16.415993 16.550902 16.450735 16.548613 16.362366 16.636989 16.645000 17.208667 17.220136 17.273931
 76 20.430000 13.970000 20.430000 17.049947 16.812274 17.127480 16.835027 17.196070 16.924263 16.721676 16.871083 16.756418 16.661471 16.364187 16.068844 15.955057 15.987560 16.076952 15.997831 15.750690
 77 18.280000 12.040000 18.280000 16.951689 16.748630 16.739894 16.686344 16.862222 16.911842 16.596543 16.306895 16.763402 16.483873 16.269120 16.202823 15.314659 14.799518 14.686984 14.592847 14.662414
 78 18.750000 11.530000 18.750000 16.700369 17.024083 16.951406 16.920780 16.731409 16.838342 16.490452 16.551227 16.444510 16.512034 15.522853 15.653737 15.207159 14.493946 14.265048 14.150881 14.298552
 79 16.900000 13.180000 16.900000 17.812281 17.520181 17.110584 17.408172 17.253740 17.210684 17.055426 16.748949 17.236186 17.127322 16.565936 16.550780 15.784972 15.177855 14.798349 14.892644 14.988069
 80 12.850000 5.370000 12.850000 17.047480 16.713377 16.622326 16.370109 16.606767 17.020528 16.690536 16.078561 15.635039 14.250297 13.865189 13.659133 13.715145 12.797835 12.736102 12.486952 12.479301
 81 29.190000 13.680000 29.190000 20.179261 20.955207 19.955703 20.839086 20.015815 20.567678 20.114335 20.392166 20.717933 21.596929 21.495840 21.521108 20.382165 20.350452 19.569583 18.037774 18.991349
 82 19.170000 14.070000 19.170000 17.162375 16.942202 17.354309 17.402661 17.513370 17.574591 17.266150 18.043357 17.705000 18.231054 18.570747 18.765984 18.702365 18.157259 17.639079 17.281559 17.679621
 83 16.170000 10.630000 16.170000 16.491926 15.964780 16.069310 16.218038 15.900271 16.323132 16.308750 16.775884 17.176340 17.470809 18.329467 19.163548 20.460284 21.459608 21.195905 21.523525 21.280655
 84 14.560000 12.960000 14.560000 17.237414 17.529845 17.345623 17.558710 17.338211 17.279947 17.697021 17.390939 17.026598 17.260172 17.612133 17.706156 18.316591 19.072831 19.431746 19.425627 19.220897
 85 17.640000 14.010000 17.640000 17.074987 17.115220 16.551300 16.802124 17.242304 16.893974 16.998298 17.401155 17.263075 17.698015 17.808560 18.439946 19.094347 19.836657 20.514571 20.644542 20.999517
 86 18.330000 14.270000 18.330000 18.608760 18.391835 18.450027 18.405323 18.490081 18.640737 18.053670 18.410217 18.970180 18.552010 18.876720 19.227903 19.447557 19.708072 20.217492 19.933254 20.544207
 87 20.510000 13.780000 20.510000 16.550185 16.838424 16.818249 16.787446 16.616883 16.853553 17.056090 16.595596 16.542423 16.872377 16.463947 16.565430 16.145795 15.564398 15.833841 15.962508 15.363862
 88 18.390000 11.390000 18.390000 16.867203 16.785142 16.775252 16.724543 17.012222 17.124105 16.885798 16.886498 16.965412 16.978750 16.595280 16.239516 15.394830 13.843705 13.591429 13.256780 13.338759
 89 19.950000 10.710000 19.950000 17.154802 17.105142 17.135464 17.449946 17.424092 17.216500 17.317287 17.050686 17.353660 17.048676 16.839947 16.485968 15.618438 13.554699 13.384000 13.412237 12.990241
 90 13.840000 12.430000 13.840000 15.204987 14.840078 15.160822 15.017568 14.928297 15.226834 14.813770 15.162436 15.003376 14.806773 14.372102 13.944417 13.101937 12.976898 12.967683 12.444339 12.790759
 91 24.020000 8.170000 24.020000 15.168703 14.808112 14.835598 15.162173 14.814088 14.739218 14.861639 14.274089 14.341135 13.476237 12.853030 13.090254 12.769882 14.159456 14.242762 14.225898 14.149241
 92 10.890000 10.890000 6.140000 11.159440 11.170292 11.000244 10.587541 11.670436 11.559196 11.516401 11.336264 11.423141 10.962281 11.384904 10.824548 11.552596 13.689548 13.678283 14.054234 14.334872
 93 22.010000 14.460000 22.010000 18.310053 18.557865 18.855013 17.774758 18.209648 18.185211 18.026293 18.611486 18.530103 17.433448 18.685952 18.285445 17.208914 12.028450 12.070032 12.494082 11.222762
 94 16.060000 0.130000 16.060000 17.325778 17.169793 17.519204 17.466102 17.426612 17.311711 17.721250 17.389130 17.457938 17.376314 17.472960 17.521317 15.977187 10.890602 10.303662 9.892644 10.102613
 95 21.130000 13.790000 21.130000 17.045356 17.248915 17.320690 17.294059 17.333984 17.396921 17.501303 17.091480 17.050515 17.557868 17.275307 17.365753 17.019176 16.271988 15.631460 15.928576 15.790414
 96 20.050000 12.590000 20.050000 15.561873 15.504548 15.586923 15.697446 15.425203 15.594763 15.795080 15.974801 15.872784 16.321324 16.084907 16.335349 16.730597 18.337831 18.361619 18.075322 17.780448
 97 16.910000 14.410000 16.910000 16.218338 16.576563 16.233183 16.017715 16.232466 16.200132 16.335665 16.633502 16.656856 16.161667 16.126240 16.230484 16.756761 18.551145 18.034095 18.070746 18.348690
 98 17.400000 14.260000 17.400000 18.401926 18.074548 18.168621 17.888253 17.583062 17.576684 16.940027 17.431769 17.203582 17.044681 16.985040 17.064059 16.803665 15.943614 16.128127 16.344305 16.083207
 99 19.110000 11.940000 19.110000 19.416992 19.193953 19.304881 18.537151 17.896341 17.860500 17.295080 17.441227 17.117088 17.350147 16.875760 16.952339 16.489972 15.441596 15.396571 15.326102 15.570552
100 14.720000 14.720000 7.350000 16.618391 16.585788 16.404801 16.451613 16.684201 16.449737 16.323670 16.239314 16.626005 16.084975 16.063253 16.197608 15.908835 15.323072 14.897746 15.063051 15.033276
101 13.890000 1.030000 13.890000 16.849472 16.453152 16.417321 15.878387 16.047263 15.719395 14.826809 15.561083 15.215979 14.779730 14.763733 14.664597 14.458920 12.663012 12.886381 12.643220 12.706414
102 11.530000 0.700000 11.530000 17.654248 17.678398 17.264377 17.174812 17.271545 16.942921 17.075186 17.007726 17.247448 16.844314 16.848293 16.919086 15.657358 11.240873 11.188032 11.336610 10.904345
103 16.250000 0.690000 16.250000 18.278813 17.888834 17.634377 16.442634 16.592195 15.201158 14.391941 14.120794 13.960337 13.510542 13.581872 13.624232 13.744943 14.233795 13.807166 13.672746 13.397000
104 24.350000 9.120000 24.350000 17.879868 17.194016 18.021883 17.121855 17.068997 16.572579 15.581622 15.989097 15.688763 15.541078 14.911840 15.568629 14.242216 13.670301 14.013556 13.620000 14.141379
105 0.000000 0.000000 0.000000 15.727432 15.458541 14.703168 14.240797 13.052188 10.153364 6.548054 6.996694 3.625345 2.335649 1.908533 1.489141 0.979444 1.056180 0.916027 0.878060 0.988356
106 13.990000 13.990000 10.580000 17.197573 16.161938 15.817692 14.934879 14.082670 13.397056 12.569786 12.196014 12.275844 12.065753 11.986027 12.370598 11.999915 12.500242 12.245683 11.819590 11.774948
107 19.410000 13.120000 19.410000 16.850396 17.066279 17.527613 17.565618 17.651762 17.643974 17.999309 18.199097 18.269613 18.494534 18.442853 18.734812 18.999148 20.390030 20.750921 20.031559 20.166931
108 20.020000 13.060000 20.020000 17.465092 17.408553 17.683820 17.491586 17.836829 18.553947 18.668032 18.659170 18.687191 18.825270 18.907973 18.763548 18.814688 19.742831 19.536190 20.334000 19.355034
109 21.510000 12.700000 21.510000 17.546412 17.625736 17.463979 17.726882 17.823415 18.314395 18.279441 18.157834 18.032809 17.944534 17.476080 17.279220 17.542074 16.755904 16.757810 16.763390 16.735517
110 17.680000 10.390000 17.680000 17.154169 17.468682 17.206180 17.475323 18.026179 18.328316 18.204548 18.370144 18.072938 18.367500 17.810800 17.730323 17.466222 16.010151 15.497111 15.287763 15.318828
111 22.400000 11.940000 22.400000 18.221953 17.741602 17.451008 18.023683 17.617480 18.438868 18.932287 18.587004 18.449381 18.314069 18.137307 18.173387 17.771449 16.223464 15.743111 15.274339 15.432483
112 21.020000 13.760000 21.020000 14.867625 14.657720 14.612679 14.000403 14.597696 13.804237 13.664628 13.547726 13.165349 14.109069 14.391520 14.202070 14.407301 14.852711 14.687556 14.384203 14.527172
113 25.370000 13.110000 25.370000 18.360820 18.344910 18.597188 18.522016 18.815664 18.635684 18.418484 18.419819 18.777036 18.797917 18.100267 18.238629 18.321307 17.176536 16.718349 16.537220 16.393483
114 20.430000 13.440000 20.430000 17.465462 17.901938 17.894218 17.912324 17.460108 17.896895 18.128032 18.659314 18.319845 18.367346 18.337086 18.782453 18.528295 17.478852 16.943397 16.619729 16.809793
115 19.600000 13.810000 19.600000 16.340712 17.014910 16.862997 17.341022 16.825935 17.218316 16.706862 17.161769 17.194742 16.899142 17.332267 17.767796 17.659029 17.421024 17.015460 17.299492 17.052690
116 18.290000 13.300000 18.290000 16.267995 15.807829 15.732520 15.238760 15.684038 15.320921 15.968590 15.386570 15.566031 15.715368 15.491227 16.123441 15.765426 16.251084 16.165651 16.603322 16.383862
117 18.110000 1.660000 18.110000 19.188360 19.276899 19.561565 19.503925 19.757209 19.501684 19.767021 19.879350 19.996572 19.523292 20.299733 19.953710 19.542102 18.751175 17.757746 18.460136 17.734690
118 20.390000 13.360000 20.390000 17.275198 17.530310 17.315597 17.511263 17.909458 17.642316 17.545160 17.912563 17.566031 17.627966 17.834053 17.907258 17.698608 17.455241 17.813079 17.707898 17.230931
119 20.880000 13.190000 20.880000 16.840897 17.048837 17.406207 17.318548 17.268076 17.115263 17.123644 16.953502 17.582964 17.084338 17.482213 17.250134 17.307074 17.200934 17.060571 17.031661 17.531448
120 19.040000 14.260000 19.040000 17.279314 17.194599 17.572414 17.465511 17.056694 17.435368 17.264920 17.199495 17.228067 17.361029 17.331973 17.183145 17.012244 16.612801 16.625111 16.608983 16.549069
121 18.300000 12.530000 18.300000 17.380923 17.228708 17.311220 17.455565 17.157371 16.904763 17.320452 16.811661 17.033840 16.883456 17.039173 16.639570 16.641278 16.354849 16.045460 16.073492 15.607966
122 18.200000 12.270000 18.200000 17.574222 17.314005 17.205756 17.547661 17.522547 17.629868 16.873723 17.488736 17.571881 17.411471 17.299067 17.313817 16.766847 16.437590 16.125143 16.170000 15.885241
123 24.150000 13.850000 24.150000 18.307441 18.632713 18.747507 18.645000 18.420461 18.521842 18.717473 18.841083 18.532629 18.428260 18.591787 18.241210 18.583295 17.162199 16.764857 17.251661 16.889034
124 15.860000 14.770000 15.860000 16.989314 16.586744 16.741200 17.553871 16.257772 17.037132 17.274149 17.410542 17.507784 16.642819 17.114907 17.037661 16.905170 15.993524 15.385397 16.066169 16.130621
125 21.730000 12.040000 21.730000 16.958777 17.156434 17.478431 16.643495 16.988065 16.530316 16.502048 16.772563 16.890180 16.181716 16.354320 16.247285 15.920398 15.106416 14.851923 15.380780 14.756424
126 27.270000 2.970000 27.270000 12.968408 12.539843 12.175627 12.754670 12.761071 12.610080 12.055403 12.705018 12.727273 12.381955 12.753631 12.692528 13.233615 13.512277 13.707184 15.135292 15.763611
127 25.350000 3.900000 25.350000 15.363245 15.375207 15.483899 14.993369 14.744905 14.532947 14.374213 14.147076 14.038605 14.445577 13.878187 14.386135 13.548920 12.828970 12.700355 12.307083 11.493592
128 13.950000 0.020000 13.950000 16.740026 16.789561 16.808594 16.564301 16.629675 16.086544 16.164176 15.770325 16.083531 16.023284 16.334347 15.763656 16.122991 13.833364 10.078484 10.291409 9.883426
129 15.910000 13.880000 15.910000 16.405224 15.846563 16.142573 16.178306 16.305881 16.465632 16.092500 16.170433 15.990412 16.304632 16.249973 15.952177 16.497528 17.039518 17.272952 16.419017 16.179276
130 10.440000 0.000000 10.440000 17.923456 17.907519 16.967294 17.843656 17.763604 17.516079 17.530878 18.124477 18.086521 17.801054 17.494320 17.495081 17.653210 17.183012 16.248921 16.447051 16.547552
131 1.960000 0.310000 1.960000 17.685464 17.845677 17.773413 17.258410 18.465383 17.940844 17.620267 17.907382 18.111403 17.939289 18.312273 18.578541 17.818736 12.046303 5.792332 5.620068 5.745294
132 30.470000 13.930000 30.470000 24.917098 25.018320 24.759549 25.118172 24.285176 24.332789 24.823387 24.346000 24.331160 24.448578 24.152667 23.720833 23.596932 23.047952 22.449619 22.320203 22.667552
133 18.350000 14.010000 18.350000 18.283219 18.274289 18.505172 18.261398 18.660461 18.647947 18.248218 18.474224 18.700412 18.205490 18.289600 18.278360 18.155341 16.598855 16.609937 16.337085 16.676724
134 10.120000 10.120000 9.060000 14.344497 14.849948 14.120557 14.595780 14.674266 14.367098 14.264069 14.027148 14.342320 14.521569 14.378267 14.208011 14.019432 12.575904 10.875302 11.069695 11.174621
135 23.230000 11.200000 23.230000 16.594617 16.799716 16.794191 16.873280 16.429295 16.618684 16.356489 16.837726 16.550954 16.588775 16.620267 16.208329 16.498636 17.524096 18.885048 18.830983 18.952379
136 18.740000 2.620000 18.740000 15.954987 15.677390 15.584324 15.720215 15.544103 15.630132 15.725665 15.550397 15.735954 15.976691 15.524000 15.429005 15.210085 14.935693 14.289841 14.311254 14.289724
137 15.890000 8.840000 15.890000 15.765303 16.033798 15.857109 15.729624 15.901220 15.903263 15.800691 15.902852 16.045155 15.830588 15.898987 16.274677 16.174489 15.537982 15.597302 15.529288 15.501310
138 21.320000 12.810000 21.320000 19.707177 19.369018 19.502202 19.571075 19.228509 19.363263 19.354867 19.252166 19.612912 19.625025 19.540880 19.444651 19.934943 19.865994 19.702730 19.580814 19.891414
139 12.970000 0.000000 12.970000 15.275926 14.837746 14.935252 14.499784 15.165738 13.976042 14.241823 14.486413 14.376390 14.205381 14.441738 14.658763 14.261264 13.410491 12.727980 12.563952 12.872000
140 0.000000 0.000000 0.000000 9.803550 9.287725 9.279572 9.716688 10.023961 9.352675 9.025318 8.897759 9.285092 8.772875 8.851324 7.923932 9.030714 7.609846 7.242254 7.847591 7.833627
141 21.420000 12.950000 21.420000 16.111888 16.309611 15.950965 16.605176 16.028692 16.276667 16.366631 15.638066 16.384557 15.835782 16.284677 15.717065 15.925657 15.532115 14.413099 15.369150 14.239896
142 4.380000 0.000000 4.380000 13.765389 13.402057 13.344879 13.677918 13.397410 12.399516 12.738459 12.300220 12.685387 12.962469 11.984199 11.640139 12.316448 11.949283 11.400168 11.921655 11.254635
143 20.640000 7.030000 20.640000 19.215805 18.508424 18.883156 18.464086 18.497073 18.379342 18.081013 18.701841 18.777448 18.301961 18.633690 17.836792 17.927029 18.090937 17.363143 17.631288 17.102655
144 17.110000 4.760000 17.110000 17.134206 16.818912 16.711755 17.287412 17.173832 17.387684 17.243298 17.392274 16.810902 16.536225 17.550107 17.264286 17.606534 18.822810 18.842254 19.416915 19.137379
145 20.190000 14.560000 20.190000 18.796675 18.563514 19.211194 19.067736 18.723478 19.091132 18.200505 18.878267 19.160644 18.583652 18.730907 18.419164 19.069318 18.780512 18.714825 18.734034 19.607621
146 19.330000 14.070000 19.330000 17.060000 16.465943 16.020133 16.142210 16.410949 16.683298 16.808936 16.488267 16.841289 17.352598 16.986560 16.665403 17.177670 18.123886 20.423111 20.261525 20.641241
147 20.060000 13.470000 20.060000 18.023456 18.181240 18.501989 18.608710 18.640732 18.374684 18.367973 18.427545 18.534948 18.145956 18.178480 18.368145 17.660142 17.850241 17.497238 17.455525 17.460034
148 20.200000 12.490000 20.200000 17.764881 18.066822 18.534350 18.087500 18.227154 18.219789 18.084176 17.927365 18.056082 18.088088 18.009333 17.654731 17.346136 16.311657 15.286952 15.123525 15.145759
149 17.730000 12.630000 17.730000 17.862797 18.274806 17.884642 17.630860 17.849566 18.215447 18.436888 17.969206 17.859407 17.842525 17.915440 17.692177 17.120312 15.759488 14.716921 14.675356 14.431759
150 19.290000 11.900000 19.290000 17.618307 17.665736 17.641273 18.000215 17.378943 17.754342 17.544043 17.992058 17.884098 17.910441 17.680667 17.474328 17.144972 15.613373 14.455556 14.298305 14.433276
151 19.850000 13.130000 19.850000 17.006095 17.444780 17.371618 17.715323 17.705474 17.574342 17.534867 18.060397 17.747964 17.834853 17.769413 18.030161 17.503267 16.012651 15.029905 14.905898 14.796241
152 20.640000 7.120000 20.640000 16.855356 17.245039 16.488170 17.252097 16.343767 16.787342 16.976277 17.042058 16.460387 17.189559 17.051173 16.947849 16.782699 16.017771 15.673841 15.643265 15.527889
153 2.860000 0.000000 2.860000 17.951794 17.597545 18.242467 18.326640 17.816585 18.409289 18.381303 18.145072 18.516778 17.996618 18.588773 18.307043 18.225568 16.600783 13.962154 13.906884 13.383056
154 2.310000 1.600000 2.310000 18.085752 17.314517 17.356605 17.568817 17.181030 17.135342 17.568803 17.661047 18.005039 18.225233 18.169040 18.512715 18.271914 13.363465 6.815362 6.326607 6.301300
155 21.910000 12.510000 21.910000 16.702111 17.122119 16.942679 17.867849 17.070163 17.275435 17.280372 18.505126 17.931443 17.478701 17.871867 18.583612 17.778177 18.372078 17.844698 18.029085 17.483207
156 16.460000 8.860000 16.460000 15.895752 16.359922 15.673979 16.659247 16.081576 16.366799 16.885931 16.308809 16.640881 16.160565 16.271147 16.643360 17.004773 17.533946 17.197476 16.598771 17.224429
157 14.320000 14.320000 9.460000 18.234749 17.468052 17.584430 17.541102 17.197100 17.410342 16.574495 17.564638 16.476305 16.891204 17.244587 17.318118 17.115670 16.913142 16.744373 16.567724 16.402962
158 19.810000 14.040000 19.810000 17.895646 17.367798 17.642042 17.327919 17.409295 16.790686 16.658107 16.672527 16.082629 15.665823 15.298610 14.744851 13.613580 13.807069 13.669524 13.638847 13.515931
159 20.830000 14.900000 20.830000 16.706844 15.862156 16.387453 15.551880 16.319101 15.521064 14.576944 14.522681 14.912691 14.109328 13.257984 12.479755 11.935291 11.723820 11.018827 11.536170 10.347979
160 11.240000 0.000000 11.240000 17.932706 17.477760 17.800266 17.911478 18.262011 17.715079 18.492027 18.507004 18.916031 18.799705 19.165173 18.212823 18.993665 18.098671 18.781714 17.454542 18.562448
161 7.530000 0.000000 7.530000 22.043905 22.317468 22.094589 21.944597 22.055935 21.730842 21.018644 21.852708 21.921985 20.596740 21.150667 21.279624 21.223807 20.585512 20.824159 20.626780 20.603345
162 15.140000 13.230000 15.140000 14.293025 14.115541 14.445175 14.387658 14.938421 14.362861 15.463787 15.556873 15.343081 14.803077 14.572279 15.301774 15.489253 16.355969 17.372428 16.083655 16.061458
163 8.450000 4.320000 8.450000 17.195330 17.667028 17.151989 16.439892 16.675799 16.228206 16.314362 15.824549 16.034548 15.833897 15.421387 15.693118 14.823977 11.820693 11.507548 10.962475 11.702034
164 6.460000 6.460000 1.440000 16.903377 16.406718 17.027666 16.682769 16.421436 16.162526 16.397074 16.204513 15.874124 15.816397 16.052987 15.644677 14.858608 11.624307 11.247048 11.626576 11.237586
165 1.640000 0.000000 1.640000 17.619551 17.571447 16.306764 14.514781 13.046913 10.727920 8.310973 7.595846 6.941293 6.050351 6.461667 6.338658 6.030000 4.501651 4.664868 4.454237 4.855972
166 1.010000 1.010000 0.000000 17.157810 16.626789 14.390728 13.021927 11.579768 8.638627 6.480824 5.585547 4.389028 3.414139 3.483828 3.216832 2.849544 2.588737 2.658947 2.509344 2.506840
167 27.180000 10.070000 27.180000 20.189921 20.594522 20.391144 21.106532 21.075041 22.026132 22.450880 22.773935 23.650515 22.994632 23.521227 23.647688 25.644972 29.552801 29.180667 29.680847 29.688138
168 20.360000 4.610000 20.360000 17.190238 18.174548 17.424350 18.091774 17.719891 18.663342 18.578431 18.780830 19.066005 18.941691 19.413093 18.599462 17.243006 11.141635 10.173947 10.260780 10.651871
169 2.720000 0.090000 2.720000 16.913140 17.258372 16.904483 17.360838 17.158886 17.367184 17.195638 17.188442 17.091186 17.669608 17.807173 17.731102 13.854298 3.123833 2.905673 2.474274 2.495664
170 8.130000 0.380000 8.130000 15.304063 14.428579 14.743554 14.303790 14.444499 14.245868 14.246516 14.061697 14.076418 14.149681 14.329040 13.947016 12.053621 5.362362 4.098027 4.225504 3.865752
171 16.810000 4.410000 16.810000 17.324987 16.546321 16.770504 17.216532 16.586287 16.720158 15.880452 15.858267 16.048119 15.679510 15.345467 15.622339 15.416364 15.376596 15.816603 16.080576 16.290690
172 8.020000 4.670000 8.020000 17.567124 17.334689 17.004000 15.961075 16.109457 15.793632 15.126117 15.052022 14.689716 14.743946 14.506507 14.697823 14.330824 14.601446 14.168635 13.778407 13.845379
173 5.700000 5.700000 2.560000 14.478276 13.433540 13.402181 12.046423 11.186066 10.349920 9.084305 9.679453 8.085816 7.931716 7.592609 7.195922 7.056667 7.092399 6.540653 6.135755 5.603521
174 21.660000 14.810000 21.660000 17.065435 16.909018 17.081353 17.342527 17.294688 17.314658 17.998989 17.712238 17.469974 16.902010 16.912693 17.227170 16.601420 16.659758 16.418889 16.308780 15.251276
175 17.460000 14.240000 17.460000 17.890475 17.510646 18.017109 18.166505 18.458889 18.848342 18.919495 18.744260 19.402990 18.994534 18.960613 18.909140 19.333864 19.689819 19.382413 18.994712 18.766310
176 23.770000 13.190000 23.770000 17.705330 18.055426 17.840849 18.172903 18.065989 18.072105 18.451968 18.218087 18.286366 18.215637 18.317227 18.059328 18.052273 17.278283 16.703048 16.714508 16.217759
177 20.460000 13.910000 20.460000 17.541609 17.978450 18.063210 17.809489 18.191084 18.410263 18.426037 18.444585 18.176237 18.324118 17.891067 17.812823 17.074574 16.195151 16.033937 16.077186 16.071759
178 18.660000 13.040000 18.660000 18.757573 18.365943 18.529841 18.467634 18.526260 18.760421 18.721356 18.550903 18.715851 18.600221 18.365360 18.265457 17.475000 16.486355 16.207905 16.266678 16.175241
179 20.160000 12.220000 20.160000 19.248522 19.861964 19.478143 19.388226 19.268726 19.586816 19.851622 19.882527 20.213531 19.645490 20.032453 19.701317 19.091193 17.303614 17.349206 17.373864 17.060759
180 19.670000 13.390000 19.670000 17.853298 17.581990 17.026658 17.349059 17.697832 17.342342 16.936941 16.253971 16.632990 16.745000 16.612240 16.588898 16.569858 15.688584 15.834413 15.983356 16.003103
181 18.090000 9.610000 18.090000 18.501266 18.875607 18.916552 18.814597 18.351843 18.292289 18.616622 18.186606 18.051108 18.226275 18.458667 18.455108 18.908295 20.679247 20.937619 21.052576 20.756724
182 13.340000 8.250000 13.340000 17.370291 17.248088 16.531804 16.609543 16.041247 15.721000 15.079628 15.088412 15.234923 14.479167 15.188000 15.376559 16.620767 19.500151 19.653333 18.957085 19.690207
183 9.270000 1.630000 9.270000 18.042533 18.281344 18.068223 18.313952 18.920136 19.084026 18.888963 19.303935 19.367036 19.425613 19.807227 19.943575 18.534034 11.976867 10.685353 10.414610 11.306332
184 0.000000 0.000000 0.000000 17.223113 16.898424 17.052228 17.138199 17.505447 17.500684 17.850931 17.597292 17.881933 17.509387 18.115040 18.071156 17.037617 3.386437 1.463500 1.483051 1.470492
185 8.300000 0.040000 8.300000 18.090765 17.511632 18.012944 18.047903 17.953957 17.271316 17.415266 17.347365 17.394665 17.189142 17.254053 17.619167 15.623182 7.892280 7.297484 7.998322 7.640727
186 16.280000 13.090000 16.280000 20.126623 19.886606 19.521459 19.518333 19.729079 19.404447 18.506250 18.753863 18.221314 18.197770 17.767120 18.622392 18.188352 16.547259 16.235111 16.752814 16.364034
187 27.840000 1.170000 27.840000 16.215040 16.025481 15.906187 16.884538 16.257663 17.015847 17.533048 17.324332 17.227974 16.515995 16.807661 17.390272 17.256340 16.384260 15.444873 16.193627 15.898646
188 30.410000 12.500000 30.410000 17.448285 17.678316 16.980053 17.805188 17.302900 17.470974 17.181543 17.070290 16.567990 18.039191 17.555680 17.063919 16.861335 16.073886 15.835619 15.369390 15.894000
189 17.710000 13.550000 17.710000 15.018417 15.071654 15.026340 15.254892 15.388320 15.448132 15.115904 15.208953 15.523479 15.297377 15.073173 14.794032 14.698011 13.320602 13.613651 13.258881 13.318241
190 17.970000 12.120000 17.970000 17.040290 17.378527 17.262202 17.594005 16.987453 17.119132 16.877207 16.942274 17.247139 17.598333 16.918800 16.706989 16.224375 16.450512 16.148254 16.597390 16.563241
191 18.640000 0.650000 18.640000 15.101088 15.253577 15.004309 14.914580 15.430379 14.516675 15.066027 14.796558 14.857938 14.801005 14.314634 14.456076 12.618457 7.493808 6.752597 6.969107 6.121691
192 6.750000 0.000000 6.750000 16.667704 16.225433 16.917268 16.152668 16.138065 15.556217 15.530081 15.364255 15.538961 14.593358 14.710545 14.953661 13.434571 4.308837 4.412375 3.735200 4.027285
193 12.890000 12.890000 4.140000 10.549973 11.086338 10.698480 10.856233 10.915110 11.191455 10.784263 10.567941 10.791458 10.809900 10.510728 11.535761 11.806523 15.146333 14.231911 14.423946 14.845017
194 0.740000 0.000000 0.740000 16.728997 16.758966 17.060610 16.843763 16.223957 16.379342 16.511516 15.971986 16.291675 15.783382 15.824626 16.288784 13.798655 4.475184 4.210577 4.251639 3.726813
195 10.630000 4.430000 10.630000 15.931266 16.454289 16.218488 16.237392 16.618943 16.409553 16.828218 15.866895 16.441289 16.018358 12.210267 11.148595 8.876818 8.365424 7.486592 7.182260 7.130623
196 0.000000 0.000000 0.000000 17.052929 16.847106 16.797241 16.994812 16.949241 17.140211 16.890106 17.161986 16.981469 16.413844 12.588694 9.581325 1.235921 1.220909 1.151125 0.865655 1.089423
197 1.090000 0.000000 1.090000 14.438918 14.532377 14.181410 14.427876 14.430759 14.661289 14.320186 14.378520 14.502088 14.192550 8.464914 6.273038 1.796745 1.330886 1.106911 1.311899 1.174699
198 0.000000 0.000000 0.000000 18.913061 19.454264 19.084005 18.941720 19.628591 19.108474 19.619707 19.968809 19.655696 18.603960 13.364230 10.055729 3.300576 3.241873 3.265084 3.579111 3.617170
199 20.600000 13.060000 20.600000 15.558892 15.200000 15.213767 15.509704 15.563089 15.590342 15.347739 15.140939 15.413686 15.637002 16.072747 15.975887 16.617898 16.639066 16.918032 16.740305 17.131690
200 16.240000 13.190000 16.240000 15.263245 15.571214 15.373767 15.552823 14.928997 15.126026 15.174707 15.261047 15.027758 15.348922 14.995253 15.068710 14.735312 13.912410 14.022508 14.089051 14.196103
201 17.930000 15.130000 17.930000 16.169420 17.055840 16.290424 16.599435 16.617317 16.633553 16.483777 16.364621 16.425670 16.343235 16.425573 16.189301 15.878409 15.458464 15.473968 15.049831 15.271759
202 20.320000 11.360000 20.320000 17.310501 17.241938 17.813289 17.320134 17.228130 17.122026 17.454734 17.455668 17.199330 17.003407 16.924347 16.548468 16.045170 15.973223 15.758032 15.615186 15.525690
203 19.390000 13.860000 19.390000 15.053386 14.952199 15.219548 14.789297 14.553967 14.692207 14.913467 14.785560 15.631314 14.870690 16.300267 16.456425 16.931477 17.092470 17.308540 17.445763 17.319448
204 0.770000 0.000000 0.770000 16.249709 15.818860 16.449337 16.078841 16.083198 16.101003 15.912580 16.214007 15.946005 15.261253 14.990507 14.710350 11.157706 3.964048 4.260818 4.024135 3.950458
205 5.190000 0.160000 5.190000 17.428391 17.320000 16.660000 17.016720 16.816196 16.721474 17.101093 16.633212 17.155026 16.584717 16.574973 17.084151 15.270258 8.593028 7.251830 7.471522 6.553833
206 18.620000 12.960000 18.620000 16.780714 16.627850 17.216862 16.796183 16.251220 16.839184 16.725638 17.559856 16.724175 17.116904 16.192005 16.215741 15.589687 16.125241 16.657206 16.529390 16.354586
207 16.820000 13.600000 16.820000 16.280873 15.929121 16.051247 16.758598 15.564499 16.798500 16.046383 16.401011 15.820876 16.323808 15.913227 15.263898 15.595214 15.893172 15.708921 15.240986 16.117483
208 17.570000 11.160000 17.570000 15.973140 16.414470 16.469496 16.748763 16.474363 16.623632 16.159173 16.932681 16.643902 16.297059 16.642995 16.205364 16.426496 16.541325 15.640698 15.677322 15.514464
209 18.520000 3.410000 18.520000 17.616623 17.755581 18.096180 18.165484 18.035420 18.429132 18.350665 17.837112 18.247036 18.029926 17.621627 17.523683 17.057642 16.322289 16.329524 16.009017 15.982345
210 15.030000 11.170000 15.030000 17.957546 18.083023 17.839151 18.202608 17.875312 18.139632 17.845559 18.267329 18.108376 18.028897 17.630455 17.337043 16.830455 15.969157 15.529651 15.136610 14.908690
211 20.840000 14.530000 20.840000 18.008522 17.907881 17.836393 17.945941 17.844472 17.890105 18.171888 18.183177 18.147397 17.938113 17.772587 17.553118 17.513494 16.516355 16.100698 15.958746 15.683621
212 21.730000 11.660000 21.730000 17.993773 18.356977 18.253156 18.518280 18.505501 18.476737 18.382899 17.904513 18.083686 18.104902 17.704400 17.784435 17.700625 16.673705 15.894794 15.874542 15.759621
213 18.300000 10.450000 18.300000 18.108338 18.273850 18.042838 17.996022 18.267886 18.533895 18.038697 17.866173 17.486160 17.559412 17.735333 17.713710 17.352386 16.442380 15.534159 15.436271 15.350414
214 17.830000 11.310000 17.830000 17.829235 17.556951 17.731034 17.493441 17.180190 17.275579 17.510186 17.626245 17.332791 17.144191 17.305227 17.239543 17.045142 17.310843 16.808381 16.482305 16.561345
215 0.000000 0.000000 0.000000 17.052375 17.213169 16.870557 16.562876 16.259539 16.119182 16.502888 16.536304 15.795544 15.756716 15.532216 15.715984 15.089715 13.957946 9.861929 10.945938 10.306197
216 16.240000 0.000000 16.240000 17.367361 17.947584 17.606711 17.975780 18.159891 18.072316 18.439037 18.156703 18.607228 18.457797 19.255094 18.833881 18.531790 16.037500 12.712436 12.080137 12.133798
217 1.830000 1.300000 1.830000 18.408968 17.658161 17.872520 17.628737 17.843198 17.693852 17.657872 17.493333 17.609147 17.867206 18.146240 17.846237 17.673949 11.622165 5.119318 5.372589 4.860986
218 17.190000 14.560000 17.190000 17.421187 17.496357 17.441963 18.167339 18.137859 17.931368 17.776888 17.684260 17.813222 17.965858 18.065120 17.766935 18.195057 18.198313 19.201333 19.224169 19.176207
219 21.950000 12.310000 21.950000 13.293245 13.074648 13.541176 13.389032 13.460408 13.688810 14.257614 14.546232 15.165401 15.263995 15.416027 15.226935 15.369259 15.628645 16.078889 15.929220 15.707034
220 12.770000 12.770000 0.370000 18.149551 18.568372 18.996101 18.705269 18.858509 18.947889 19.154867 19.053574 19.888196 19.507819 19.872667 19.585430 19.570767 19.324729 19.347810 19.570034 19.034345
221 16.100000 10.790000 16.100000 16.417335 16.501938 16.275225 16.469274 16.428618 16.311500 16.387899 16.410686 16.329820 16.170931 16.086053 16.069704 15.532159 15.207289 14.848603 14.920441 15.050414
222 19.390000 12.780000 19.390000 16.867968 17.144729 17.347401 17.007339 17.286233 17.381079 17.280186 17.415307 17.437397 17.291691 17.037867 17.254812 17.302187 16.942380 17.013714 16.762610 16.796759
223 16.670000 14.040000 16.670000 16.895910 16.860620 16.611432 16.456183 16.566016 16.707500 16.405612 16.469928 16.416392 16.380735 16.284400 16.404677 15.638523 15.615331 15.748222 15.639085 15.550966
224 14.300000 11.700000 14.300000 17.343615 16.962739 17.137082 17.146237 17.057778 17.323868 17.044468 17.009819 17.037088 16.681863 16.863653 16.639597 16.358580 16.349608 15.833937 15.856034 16.181138
225 10.890000 0.000000 10.890000 17.318865 17.061705 17.108992 16.980565 16.917371 16.908421 16.906915 17.349206 16.860309 16.817647 16.585867 16.584731 16.562614 14.460000 11.854222 11.502983 11.676655
226 10.400000 0.000000 10.400000 17.062876 16.753695 17.259655 16.640430 16.940976 17.139632 17.040027 16.874043 16.924098 16.839681 17.086587 16.465645 16.415881 10.938705 5.154889 5.264760 5.263737
227 2.200000 0.400000 2.200000 16.923351 16.471576 16.661090 16.812830 16.461111 16.795447 17.287394 16.799170 16.532448 16.636789 16.622720 17.061398 16.396761 11.383119 5.175537 4.672281 4.884239
228 17.180000 12.770000 17.180000 15.713315 16.936492 16.557534 15.921096 16.210111 16.130161 14.795323 15.429700 15.692565 15.404586 16.431111 15.425109 15.786290 14.486850 14.381699 13.991952 14.055719
229 27.310000 15.040000 27.310000 21.198912 21.186865 21.095053 21.075230 21.574835 20.601751 21.457819 20.601062 21.132610 21.398358 20.817641 21.054528 20.725100 20.123946 19.957484 19.258305 19.857552
230 20.990000 14.310000 20.990000 18.442672 17.855375 18.315305 18.246819 18.221030 18.388000 18.029122 17.969603 17.704742 17.539167 17.980536 17.740833 17.421080 16.547681 15.821783 16.087695 15.611828
231 7.310000 1.960000 7.310000 17.369103 17.223876 16.971565 16.679435 16.827615 17.665106 16.928484 17.867174 17.134005 16.882794 17.132587 17.125687 16.723229 16.917078 15.688089 16.104354 15.565502
232 6.670000 6.670000 4.950000 16.039732 15.618763 14.589811 15.775687 16.235574 16.318059 15.824960 15.719890 15.731754 15.315427 15.101766 16.495939 14.988329 15.250335 14.761480 15.138927 15.657801
233 12.150000 12.150000 6.690000 16.997063 17.078450 16.986729 17.154663 16.636450 16.414105 17.460640 16.745491 16.742165 17.689042 17.305580 17.351321 18.300085 18.276777 17.736762 17.482949 17.775138
234 16.800000 12.360000 16.800000 17.825567 17.153394 17.331845 17.475081 18.063902 18.084658 17.967606 18.099091 17.996124 18.070613 17.796096 18.575806 18.333807 18.797349 19.016000 18.944762 19.262276
235 21.660000 13.860000 21.660000 16.109153 16.095142 15.766605 15.076344 15.701603 15.541816 15.323324 16.119458 15.659278 16.389093 15.917200 16.063091 16.449659 16.228795 16.644159 16.260644 16.160621
236 0.550000 0.000000 0.550000 17.174406 17.596460 17.578117 17.400833 17.529810 17.301553 17.506995 17.403069 17.331907 17.634902 17.449680 17.221855 16.584347 10.421364 3.526221 3.591918 3.712206
237 1.340000 1.340000 1.200000 16.575963 16.157390 16.475066 16.259220 16.550596 16.502342 16.408271 16.207690 16.097603 16.314069 15.997040 15.936739 15.577443 11.875287 7.478089 7.711365 7.410483
238 13.780000 10.310000 13.780000 16.113879 15.413721 15.701804 15.868038 15.644688 15.710474 15.549707 15.476462 15.343660 15.677549 15.320133 15.385054 15.015994 12.888886 11.317619 11.392000 10.966897
239 18.270000 13.330000 18.270000 13.530396 13.432894 13.785464 14.071237 13.726125 14.120237 14.341197 14.345632 14.001005 14.341225 14.434693 14.527177 14.143636 14.403524 14.421365 13.967186 14.208759
240 25.950000 12.660000 25.950000 22.899763 22.561240 22.607162 22.564731 22.888022 22.206132 22.204761 22.559892 22.443608 22.276789 21.605973 21.059785 20.857670 19.698343 19.422667 18.915898 19.191621
241 18.420000 13.090000 18.420000 17.700106 17.394134 17.428727 17.467742 17.397290 17.561079 17.143378 17.021119 17.344974 17.122819 16.757147 16.600591 16.080852 15.269518 14.703810 14.657254 14.658448
242 7.150000 0.370000 7.150000 16.943615 17.621886 17.306817 17.318952 17.269892 17.147026 17.408830 17.363321 17.479923 17.264265 17.229680 17.060484 16.267386 15.457801 14.554476 14.373095 13.965690
243 1.420000 1.420000 0.000000 16.057037 16.664987 16.543183 16.867500 16.627073 16.642158 16.790718 16.944801 17.377655 17.366069 16.770373 16.870000 17.309830 16.519277 14.773238 15.391593 14.592241
244 8.970000 0.000000 8.970000 16.784142 17.279302 16.790610 16.366550 17.300352 16.959579 17.083537 17.133285 16.755799 16.784779 17.515467 17.452930 17.814148 16.982801 14.182293 14.388299 13.921103
245 17.420000 14.700000 17.420000 17.924908 17.827080 17.653395 17.459086 17.702954 17.517895 18.108005 17.656895 17.959227 17.779461 18.158080 18.150699 18.420313 18.706717 17.200831 17.322034 18.005729
246 17.870000 13.150000 17.870000 17.160818 16.986744 17.379735 17.210860 17.480786 16.823737 17.459043 17.150036 16.982526 17.516593 17.533387 16.985323 17.288920 18.887259 18.457834 18.505442 18.018724
247 20.640000 14.630000 20.640000 17.926280 17.842016 17.098939 17.467124 17.372764 17.716895 18.185319 17.855776 17.859356 17.729926 17.607600 17.696290 17.138750 18.272199 18.823175 18.312203 18.498483
248 21.890000 11.040000 21.890000 17.124459 17.241525 17.035756 17.137224 17.401707 17.172947 16.950532 17.137762 17.419046 17.137843 16.867893 16.721935 16.440142 15.371295 15.727556 15.306576 15.021862
249 18.760000 7.230000 18.760000 15.005053 15.162254 14.858191 14.622876 15.054158 15.055277 15.488930 15.185580 15.223049 15.664657 16.122480 15.701559 16.304972 15.074910 14.504825 14.434475 14.470552
250 0.000000 0.000000 0.000000 16.317124 16.493359 16.098617 16.401774 15.615109 15.520871 16.360455 16.715487 15.934419 15.845700 15.412941 15.498952 15.053920 14.947139 14.465541 14.725799 14.837378
251 5.150000 0.530000 5.150000 17.343615 16.688860 16.964111 16.448575 17.361526 16.663026 16.717287 16.260036 16.262532 16.644167 14.085405 12.773187 11.239300 11.142800 12.113494 12.088805 11.880071
252 5.120000 5.120000 0.000000 16.691138 16.878961 16.789151 17.045511 16.783560 16.417520 16.708165 15.952800 16.807010 16.493627 15.657016 16.320593 15.985909 16.824036 17.351556 16.986441 16.585052
253 19.150000 13.350000 19.150000 16.200952 16.104896 16.575809 15.632339 16.051957 16.236207 15.737627 16.573514 16.172196 15.038015 15.165323 13.925622 13.610514 12.777952 13.221206 13.227966 13.222172
254 12.610000 0.000000 12.610000 15.249091 15.327237 15.637660 15.177500 15.541744 15.555947 15.604501 13.851630 15.237844 15.636125 13.900301 13.455489 12.111032 12.183851 12.037592 12.299100 12.777589
255 3.890000 3.890000 0.000000 14.969894 14.587021 15.224358 14.823886 14.636450 14.557407 13.893396 15.532655 13.939295 13.771724 11.459973 10.288082 8.732301 7.389969 8.184934 7.608697 7.595018
256 16.220000 0.030000 16.220000 15.772243 15.537623 15.518053 15.356604 15.602916 15.263237 15.889280 15.915235 15.478579 14.211133 14.080672 12.468043 10.552522 6.959150 7.054349 6.841413 6.323722
257 27.000000 14.160000 27.000000 16.328794 17.155570 16.867024 16.298625 17.169212 17.243201 16.802000 16.733755 16.918286 16.143350 16.161568 14.756432 14.225670 14.377576 13.738650 14.284354 13.824472
258 0.000000 0.000000 0.000000 18.216138 17.470155 17.264747 17.178865 17.125467 17.492042 16.971180 18.605326 17.058568 17.048809 15.097561 12.206405 10.205163 7.710535 7.565497 7.235307 7.664664
259 2.970000 1.660000 2.970000 15.413773 14.975455 15.380401 15.048011 14.600847 15.439627 14.814367 14.686337 14.730644 14.273457 11.276621 9.632569 7.103839 5.707267 6.122715 5.861204 6.292029
260 13.110000 6.000000 13.110000 14.467625 14.272817 14.126960 14.514135 14.377147 14.166623 14.185399 13.705906 14.050930 13.668391 10.348054 9.204142 6.807901 6.915443 6.997524 6.774740 6.783486
261 11.440000 11.440000 7.830000 17.642480 17.550258 17.792944 17.861371 17.888618 17.943895 17.893032 18.089495 18.101985 17.883415 16.290533 15.548602 14.346211 14.672410 13.653746 13.551119 13.202000
262 14.650000 4.240000 14.650000 17.626385 17.672739 17.736207 17.786290 17.467859 17.720974 17.533085 16.921480 17.738634 17.446471 16.615520 16.708253 16.047812 17.775151 17.468667 17.153051 17.086241
263 13.220000 13.220000 12.720000 17.304339 17.224005 17.293581 17.308011 17.164553 17.061658 17.250931 17.150144 17.380103 17.213971 16.730907 16.310968 13.636752 5.679627 5.198576 5.095669 4.953692
264 19.440000 12.960000 19.440000 17.005277 17.094341 17.420584 17.085645 17.362575 17.132237 16.947420 16.513321 17.070129 17.242721 17.391307 17.744409 16.640909 11.251450 10.653974 11.057877 10.712986
265 18.980000 13.420000 18.980000 17.228654 17.378475 16.973873 17.503441 16.896369 16.710237 17.060559 17.117437 16.831005 16.623848 16.818347 17.475941 17.282386 16.785633 17.135270 16.613932 16.753034
266 17.890000 12.510000 17.890000 19.250739 18.209406 18.683767 18.877984 17.913794 17.634316 17.626436 17.996101 17.839098 17.758505 17.494053 17.317177 16.941392 15.713735 15.798190 15.146780 15.759207
267 1.540000 1.540000 0.800000 13.224591 13.121189 12.942042 13.632446 13.627636 14.246763 14.877021 15.280758 15.407912 15.882500 15.965413 16.442930 16.989003 17.790783 18.643460 18.748169 18.452345
268 19.670000 10.340000 19.670000 16.717704 16.580336 16.736260 16.212204 16.427100 15.819132 15.978112 15.409097 15.517242 15.617034 15.216427 15.135887 14.756875 14.124910 13.825905 13.781220 13.799931
269 18.080000 12.430000 18.080000 16.349050 16.233359 16.486048 15.940296 16.744201 16.084132 16.193245 16.208989 15.835412 15.409020 15.522000 15.603871 15.147017 13.615482 13.819778 13.474915 13.260138
270 19.880000 13.090000 19.880000 16.182058 16.647959 16.779469 16.846828 16.435095 16.660158 16.292739 16.616390 16.558119 16.351765 15.898347 16.310511 15.698920 14.273253 14.033619 14.544678 14.401172
271 21.940000 12.790000 21.940000 19.093430 19.075116 19.047029 19.123844 19.112222 18.896211 18.895452 18.853718 18.364820 19.059828 18.401653 18.244973 17.979432 17.667651 17.591206 17.692576 17.738345
272 19.100000 7.390000 19.100000 16.967414 17.043152 17.105411 17.039462 17.126287 16.916053 17.343883 17.386643 17.436727 17.171250 16.880933 17.006801 16.566477 16.306928 16.143905 16.190949 15.899759
273 16.230000 1.550000 16.230000 18.637942 18.437649 18.786737 18.392661 18.970976 18.435132 18.499947 18.605921 18.969253 19.117745 18.189920 18.178065 18.584403 17.708916 18.185810 17.810915 18.083207
274 5.270000 1.480000 5.270000 17.155383 17.577494 17.121141 17.678306 17.116965 17.324500 17.471330 17.753574 17.544536 17.587279 17.093547 17.717446 17.056449 15.107289 14.815143 15.039593 15.143448
275 1.660000 0.000000 1.660000 18.930554 18.854315 18.484138 18.937392 18.975691 18.930868 18.871782 19.019495 18.888325 19.141618 18.752640 19.195538 15.384593 2.257509 1.478662 1.479850 1.713543
276 10.670000 3.100000 10.670000 18.843219 18.693411 18.640477 19.033306 18.658238 18.448895 18.541782 18.728014 18.781830 18.797745 18.662987 18.835968 17.357841 12.060030 11.378667 11.732993 11.558448
277 16.600000 13.270000 16.600000 19.952507 19.387261 19.567109 19.335780 19.103604 19.317553 19.725771 19.929964 19.317552 19.372917 19.458080 19.799946 19.097699 16.671506 16.571429 16.885593 16.462310
278 9.580000 9.580000 0.450000 11.621897 10.750241 11.073452 11.892833 11.897255 11.504645 11.582131 12.229142 11.510452 11.303494 10.699262 11.546338 9.069735 9.695096 9.741860 8.742979 9.429927
279 6.190000 0.000000 6.190000 12.635714 12.751488 12.711171 12.649744 12.802203 11.790787 13.403125 12.199272 13.257031 11.802185 11.836532 11.713219 12.199572 11.311993 11.782842 10.149621 10.568943
280 9.980000 9.980000 4.150000 15.821925 15.929003 15.819866 15.315589 15.330220 16.311394 15.428150 14.814301 15.802031 15.951897 14.990027 15.005108 14.549031 14.390274 13.915756 14.547801 14.500278
281 28.480000 13.330000 28.480000 18.517882 18.418698 18.268784 17.886841 18.435695 18.582487 16.929245 17.759891 17.332979 18.457637 17.571084 17.568913 16.518711 15.773946 15.780354 15.550546 15.355052
282 23.340000 13.130000 23.340000 16.828179 16.538005 16.473740 16.447634 16.680894 16.866263 16.525840 16.594007 16.450077 16.435466 16.228427 15.885833 15.800655 14.710934 14.633556 14.506203 14.602897
283 19.210000 13.920000 19.210000 18.913984 19.182817 18.976472 18.632124 18.682222 18.206816 18.139973 18.521408 18.452912 18.294706 18.065547 17.995430 16.958438 15.229458 15.499937 15.267593 15.156552
284 18.340000 7.090000 18.340000 19.646148 19.808398 19.515093 19.793817 19.582818 19.540132 19.370931 18.884910 18.917371 19.041275 19.045093 18.814167 18.845199 18.344277 18.078794 18.179017 18.012552
285 14.450000 2.480000 14.450000 18.310053 18.024134 18.256180 17.880565 18.072547 17.928971 18.105585 18.457148 17.810799 18.071446 18.283680 19.280538 19.307642 18.797160 18.154762 18.235492 17.666931
286 20.790000 11.280000 20.790000 17.523747 16.881680 17.303740 16.994839 17.540949 17.168421 17.201117 17.035632 17.302938 17.422157 17.748213 17.897903 18.350114 17.170693 16.831143 16.457458 17.220276
287 15.240000 5.380000 15.240000 16.990554 17.203333 17.097241 17.104328 16.841192 17.141368 17.361676 17.103935 17.377990 17.645662 18.205787 18.384086 19.069233 18.420994 18.828730 18.809559 18.753897
288 11.230000 11.230000 10.030000 16.066675 16.018165 16.237056 16.184812 16.226206 16.176237 16.303138 16.577870 16.770979 16.713873 16.763467 17.191156 17.503722 13.599456 12.941873 12.855051 12.715571
289 19.750000 13.210000 19.750000 15.858602 15.898036 16.054536 16.101774 15.999404 16.360000 15.988590 15.843141 16.502887 16.505784 15.946373 16.127366 16.971932 19.141566 18.642921 19.455119 19.461690
290 19.740000 12.060000 19.740000 18.087678 18.057881 17.961512 17.778118 17.768780 17.881526 18.000718 17.819819 17.828686 17.952525 17.424027 17.264973 17.463722 18.631205 18.946571 18.756780 18.736621
291 23.360000 11.740000 23.360000 14.876552 15.535788 15.411383 14.442849 13.706304 13.988921 13.521787 13.018123 13.212182 12.151422 12.100880 12.243145 12.308803 12.952681 12.948762 12.792475 12.625690
292 13.180000 5.870000 13.180000 14.964222 14.703230 14.323448 14.802372 14.425815 14.385658 15.032660 14.799892 15.028402 14.911593 14.569787 14.528522 14.163239 13.857349 14.035860 13.980000 13.302448
293 18.680000 13.760000 18.680000 15.460106 14.684367 14.387268 15.737581 15.046098 15.758105 15.296888 16.151372 16.384175 16.316495 16.303867 16.183656 15.915795 15.383494 15.148095 15.453593 15.656034
294 21.150000 12.000000 21.150000 17.316702 17.315504 17.112440 17.360995 17.269377 17.232421 17.559362 17.583394 17.298428 17.392279 17.481227 17.262742 17.103437 16.595891 16.475873 16.414339 16.356276
295 8.980000 0.150000 8.980000 17.262718 17.772300 17.944509 16.964651 17.280921 16.697947 16.615319 15.642816 15.887784 15.360490 14.734880 13.820833 13.839290 13.945783 13.359013 13.217492 13.225556
296 17.620000 14.050000 17.620000 15.639122 15.935959 15.586320 15.645283 16.114607 16.291579 16.139840 15.855812 15.773472 15.893818 16.404213 15.961712 15.268864 15.939639 14.788698 15.273356 15.463045
297 28.040000 14.550000 28.040000 20.480081 20.662208 21.531075 21.629183 21.759640 21.613607 21.103369 21.692737 21.072109 20.623867 20.627135 20.675595 19.984046 19.218792 19.684554 19.780479 19.229343
298 25.380000 14.000000 25.380000 19.246332 19.331525 19.443263 18.735269 19.740813 19.246517 19.563803 19.064549 18.750129 18.716275 18.377573 18.537688 18.600170 17.207922 18.099238 17.498881 17.372690
299 18.990000 13.360000 18.990000 17.162586 17.630803 17.586154 16.829194 17.266098 17.368368 17.502979 16.881552 17.229613 17.145613 16.014213 16.108817 15.663182 15.471657 15.173460 15.448576 15.339000
300 24.110000 8.520000 24.110000 16.835303 16.586047 16.932546 17.049194 16.568049 16.614474 16.247580 16.006245 16.176778 15.897279 15.992513 15.974032 15.584347 16.577440 16.623079 16.521898 16.335345
301 9.920000 1.960000 9.920000 16.986834 17.142636 16.599045 16.091317 15.386179 15.384842 14.251888 13.799493 13.873273 12.566732 12.535455 12.496038 12.728029 13.658338 13.332134 13.154203 12.839379
302 0.000000 0.000000 0.000000 14.692149 14.374634 12.392575 12.627119 10.145499 9.885602 7.482143 6.485529 5.558870 4.164781 4.328125 3.883692 4.346548 4.679426 5.014912 4.809709 4.838077
303 2.720000 2.720000 0.010000 16.240476 15.981995 14.942087 15.278255 12.884620 13.440449 11.205373 10.979922 10.027402 9.149116 8.085870 9.401723 8.841804 10.019966 9.826797 9.862197 9.705665
304 19.680000 11.490000 19.680000 17.052196 17.899716 17.064853 18.093054 17.884438 16.378989 16.897177 18.436703 17.177728 17.405975 17.034348 17.308978 16.944692 14.521230 12.551842 13.005106 12.618810
305 5.040000 0.550000 5.040000 15.475267 15.943639 15.022285 15.024282 14.035972 13.094176 12.089945 11.630337 10.412992 8.366005 9.129433 8.238825 7.681292 8.106678 8.500702 8.727306 8.217910
306 25.690000 9.030000 25.690000 14.566366 14.705039 12.976819 13.497011 12.103750 12.363219 10.947766 10.439781 9.855065 9.675735 7.737826 6.765616 4.836455 4.609190 4.166200 4.157422 4.291855
307 0.000000 0.000000 0.000000 15.380899 14.715896 15.126979 13.877108 11.462705 11.217984 9.800714 8.426037 8.047742 6.164637 5.457147 4.952665 3.908012 4.125621 3.806312 3.771111 3.678550
308 14.050000 14.050000 13.020000 17.780000 17.611714 16.644403 16.482527 15.254526 15.312053 13.573989 12.918123 12.430619 11.451324 11.404679 11.378733 12.060369 12.943283 12.571019 12.411864 12.507517
309 15.330000 11.550000 15.330000 17.480712 17.420904 17.679416 17.379570 17.462141 17.404158 17.485239 17.329278 17.220567 17.373088 17.089067 16.974892 16.390511 15.272018 15.091206 15.709220 15.370552
310 23.710000 13.610000 23.710000 17.463034 17.241628 17.061857 17.044328 17.195908 17.009263 17.058112 17.114946 17.281443 17.040711 17.584533 17.441505 16.847244 16.175331 16.160159 16.128068 15.806379
311 11.760000 1.120000 11.760000 17.388813 17.164057 17.190186 17.624919 17.309593 17.226974 17.221676 17.181588 17.217964 16.678064 14.426853 13.287473 11.278892 10.456536 10.266159 10.610780 10.805966
312 1.120000 0.000000 1.120000 15.857090 15.604703 15.571406 15.161532 16.054309 15.552058 14.918560 15.668370 14.922351 15.072757 10.212379 8.540645 1.738578 1.708789 1.604645 1.485152 1.631676
313 6.180000 0.000000 6.180000 15.144776 15.029404 15.403528 15.553548 15.202060 15.367474 14.556037 14.516268 14.979820 14.126275 10.962834 9.650323 6.669659 6.723625 6.422984 6.201638 6.233552
314 3.450000 0.890000 3.450000 17.557414 17.594651 17.656074 17.499380 16.872114 17.487632 17.081941 16.609964 17.446237 16.288919 10.976997 9.859863 6.295116 6.735576 6.852444 6.903772 6.697612
315 18.930000 8.350000 18.930000 17.220079 16.511684 17.095332 16.911054 16.389214 16.881799 17.129628 17.674838 17.195387 17.209803 15.635600 16.382043 16.282812 16.366205 16.449204 16.290475 16.262586
316 10.550000 0.100000 10.550000 16.496253 17.201240 17.431034 17.011586 17.304553 16.697684 16.512133 16.839025 16.243067 16.337912 14.758930 14.194032 13.621571 13.330545 13.665272 13.775850 12.987958
317 3.000000 3.000000 0.640000 15.657778 16.228734 16.718249 16.950914 17.017853 16.455868 16.521489 15.971300 15.777448 16.270197 13.736587 13.122070 11.072251 11.102741 11.037923 10.775238 11.233841
318 15.340000 14.500000 15.340000 16.591240 16.453928 16.796472 17.021156 16.584363 16.962579 16.446330 16.068231 16.252500 16.814324 16.382640 16.478387 16.095909 15.370211 15.667429 14.681119 15.380828
319 16.220000 12.710000 16.220000 17.048259 17.175504 16.947215 17.321828 17.103740 16.994263 17.000239 17.199061 17.031160 16.349387 15.870240 15.600753 14.984886 15.077160 16.028857 16.156339 16.697000
320 18.870000 13.110000 18.870000 16.226042 16.490749 16.324350 16.161667 16.234553 16.237658 16.055426 16.266606 15.912088 16.242230 14.965000 14.662796 14.169347 14.338825 15.977048 16.061424 15.531862
321 16.810000 13.570000 16.810000 13.558338 13.345762 13.325093 13.665403 14.000298 13.617263 13.627074 13.886390 13.876314 13.658725 14.958747 14.715968 15.052045 14.837892 13.769238 13.871458 13.553276
322 12.580000 0.000000 12.580000 6.240461 6.557227 6.092548 6.349664 5.526695 5.953279 6.202121 5.466818 5.695979 5.658832 6.487155 6.081218 5.711104 5.623449 5.576396 5.060000 5.531444
323 32.250000 0.000000 32.250000 23.256866 22.677135 22.347576 22.858167 22.973484 23.259103 22.875055 22.829699 23.640326 23.577506 23.785562 24.130220 24.341082 23.939511 22.634727 23.023608 21.803132
324 25.240000 8.890000 25.240000 14.656570 14.683307 14.628117 14.600941 14.527940 14.487632 14.765931 14.733321 14.167139 14.623015 14.542693 14.856129 15.155312 14.303464 13.777841 13.593085 13.365241
325 17.580000 14.190000 17.580000 17.846464 17.965633 17.921538 18.007661 17.854715 17.822053 17.953750 17.809097 18.036160 17.848897 17.909920 17.633091 17.781733 17.572169 17.130159 16.903898 17.002966
326 19.280000 13.260000 19.280000 16.631293 16.485401 16.719280 16.519137 17.112589 17.009129 16.001197 16.871264 16.852532 16.516765 16.474973 16.305484 16.355783 15.828727 16.517111 16.241661 16.058379
327 19.940000 14.120000 19.940000 16.042454 15.883488 15.881114 16.057446 15.706450 16.119658 16.162207 16.007942 15.913479 16.165686 15.971547 15.521129 15.317955 15.506054 15.638095 15.673085 15.411310
328 19.750000 12.400000 19.750000 16.104802 16.165607 16.134377 16.200296 16.282114 16.023368 15.888697 16.380108 16.416624 16.396838 16.224320 15.756855 15.571960 15.806325 15.910127 15.991864 16.285448
329 20.700000 13.290000 20.700000 17.380501 16.995065 17.280133 17.062849 16.749241 16.921605 17.055638 17.031661 16.720876 17.377279 17.101440 16.745591 16.434672 16.909759 17.030476 16.853458 17.217069
330 18.790000 13.400000 18.790000 19.202744 19.108372 19.338488 19.037151 18.984011 19.526711 19.373989 19.601372 19.351237 19.442206 18.778880 18.760968 18.396705 18.402771 18.291365 18.654610 18.077759
331 5.110000 0.000000 5.110000 16.167098 16.158656 16.224642 16.189462 15.671545 16.348368 15.956330 16.267762 15.932861 15.959142 15.640747 15.529812 15.531733 15.786114 15.217968 14.846531 15.357509
332 28.440000 15.010000 28.440000 21.924587 21.729948 21.568165 22.101297 22.023370 21.395185 21.533128 21.355162 21.838708 21.744384 21.537742 20.967016 20.773846 20.578997 20.635255 20.289590 21.013599
333 20.250000 13.160000 20.250000 20.214459 20.594249 19.843846 20.635242 20.637642 20.603799 20.001995 20.068442 20.574433 19.602647 19.622747 19.754005 19.195057 18.974066 18.629365 18.971220 18.611138
334 17.390000 13.130000 17.390000 18.921187 19.091762 18.796552 18.959516 18.876341 18.467289 19.101622 18.581625 19.138170 19.022555 18.885813 18.903962 18.927386 18.472048 17.999175 17.634305 17.943379
335 23.870000 7.600000 23.870000 14.271979 14.564134 14.362122 13.980270 14.650949 14.562895 14.533644 14.606390 14.664072 14.863186 14.885840 15.516398 15.677642 15.571627 14.859143 14.706814 14.423862
336 13.160000 0.680000 13.160000 17.343404 17.485013 17.422016 17.587204 17.513008 17.882342 17.590824 17.248592 17.564304 17.468554 17.987467 18.133575 18.407358 18.024880 16.947841 17.169458 16.281724
337 12.460000 12.460000 4.590000 17.051794 16.901137 17.116976 17.014301 16.851355 17.164026 17.124601 16.753827 16.742423 16.824093 17.007973 17.305645 17.436960 17.237289 16.709175 17.146475 17.211862
338 17.600000 12.470000 17.600000 17.904485 18.007339 17.796233 18.145430 17.866612 17.518132 17.998059 17.563032 17.912242 18.062059 17.953627 17.804409 17.715057 18.388765 18.325905 18.571085 18.729966
339 19.760000 13.490000 19.760000 15.778681 15.632636 15.592228 15.494167 15.940108 15.719211 15.799362 15.904368 16.195902 16.134338 15.943680 15.559194 15.324416 15.864187 17.489873 17.312339 16.506310
340 8.070000 4.740000 8.070000 13.357045 13.063083 13.157984 12.626613 13.416098 13.200105 13.238537 13.461264 13.647165 13.321201 13.230802 13.391694 13.351534 13.239759 14.786032 14.235085 14.418759
341 18.110000 14.160000 18.110000 17.996280 17.829716 17.968674 17.512016 17.625474 17.732921 18.084840 18.172166 18.037680 18.037304 17.402187 17.786882 17.504347 17.414096 18.191270 18.413525 18.345690
342 18.550000 13.150000 18.550000 17.372586 17.740078 17.852573 17.649462 17.609322 17.660289 17.743351 17.413791 17.670876 17.429828 17.013280 16.683548 15.973182 16.634398 18.092825 17.960847 18.072552
343 18.460000 13.420000 18.460000 16.107045 16.368165 16.400663 16.816478 16.495556 16.828921 16.905053 16.169458 16.722629 16.383529 15.860615 14.899651 14.662678 14.998765 16.081810 16.904644 16.045087
344 18.910000 12.240000 18.910000 17.232559 17.251964 17.558382 17.027097 17.214185 17.060501 17.277500 17.261588 17.425979 16.922531 16.819786 16.513261 16.492727 16.041118 16.735669 15.790238 16.354221
345 17.600000 12.650000 17.600000 15.777256 15.879276 15.896170 16.201102 15.541929 15.668053 16.340266 15.736715 16.246082 15.675662 16.391360 16.634005 15.268171 15.678610 15.330127 15.039522 14.556886
346 27.450000 13.670000 27.450000 20.675831 20.607804 20.409416 21.023871 21.090136 20.462763 21.412739 21.022419 21.003093 21.045907 20.259547 20.905887 20.862187 21.080241 20.332254 18.925492 19.238062
